-------------------------------------------------------------------------------
Test set: com.algaworks.algamoneyapi.AlgamoneyApiApplicationTests
-------------------------------------------------------------------------------
Tests run: 1, Failures: 0, Errors: 1, Skipped: 0, Time elapsed: 0.926 s <<< FAILURE! - in com.algaworks.algamoneyapi.AlgamoneyApiApplicationTests
com.algaworks.algamoneyapi.AlgamoneyApiApplicationTests  Time elapsed: 0.923 s  <<< ERROR!
java.lang.IllegalStateException: Unable to find a @SpringBootConfiguration, you need to use @ContextConfiguration or @SpringBootTest(classes=...) with your test

